npm warn tar TAR_ENTRY_ERROR UNKNOWN: unknown error, open 'C:\Users\dell\Documents\fashionstore\fashionstore\node_modules\@img\colour\color.cjs'
npm warn tar TAR_ENTRY_ERROR ENOENT: no such file or directory, open 'C:\Users\dell\Documents\fashionstore\fashionstore\node_modules\@heroicons\react\24\outline\esm\CircleStackIcon.d.ts'
npm warn tar TAR_ENTRY_ERROR ENOENT: no such file or directory, open 'C:\Users\dell\Documents\fashionstore\fashionstore\node_modules\@heroicons\react\24\outline\esm\ClipboardDocumentCheckIcon.d.ts'
npm warn tar TAR_ENTRY_ERROR ENOENT: no such file or directory, open 'C:\Users\dell\Documents\fashionstore\fashionstore\node_modules\@heroicons\react\24\outline\esm\ClipboardDocumentIcon.d.ts'
npm warn tar TAR_ENTRY_ERROR ENOENT: no such file or directory, open 'C:\Users\dell\Documents\fashionstore\fashionstore\node_modules\@heroicons\react\24\outline\esm\ClipboardDocumentListIcon.d.ts'
npm warn tar TAR_ENTRY_ERROR ENOENT: no such file or directory, open 'C:\Users\dell\Documents\fashionstore\fashionstore\node_modules\@heroicons\react\24\outline\esm\ClipboardIcon.d.ts'
npm warn tar TAR_ENTRY_ERROR ENOENT: no such file or directory, open 'C:\Users\dell\Documents\fashionstore\fashionstore\node_modules\@heroicons\react\24\outline\esm\ClockIcon.d.ts'
npm warn tar TAR_ENTRY_ERROR ENOENT: no such file or directory, open 'C:\Users\dell\Documents\fashionstore\fashionstore\node_modules\@heroicons\react\24\outline\esm\CloudArrowDownIcon.d.ts'
npm warn tar TAR_ENTRY_ERROR ENOENT: no such file or directory, open 'C:\Users\dell\Documents\fashionstore\fashionstore\node_modules\@heroicons\react\24\outline\esm\CloudArrowUpIcon.d.ts'
npm warn tar TAR_ENTRY_ERROR ENOENT: no such file or directory, open 'C:\Users\dell\Documents\fashionstore\fashionstore\node_modules\@heroicons\react\24\outline\esm\CloudIcon.d.ts'
npm warn tar TAR_ENTRY_ERROR ENOENT: no such file or directory, open 'C:\Users\dell\Documents\fashionstore\fashionstore\node_modules\@heroicons\react\24\outline\esm\CodeBracketIcon.d.ts'
npm warn tar TAR_ENTRY_ERROR ENOENT: no such file or directory, open 'C:\Users\dell\Documents\fashionstore\fashionstore\node_modules\@heroicons\react\24\outline\esm\CodeBracketSquareIcon.d.ts'
npm warn tar TAR_ENTRY_ERROR ENOENT: no such file or directory, open 'C:\Users\dell\Documents\fashionstore\fashionstore\node_modules\@heroicons\react\24\outline\esm\Cog6ToothIcon.d.ts'
npm warn tar TAR_ENTRY_ERROR ENOENT: no such file or directory, open 'C:\Users\dell\Documents\fashionstore\fashionstore\node_modules\@heroicons\react\24\outline\esm\Cog8ToothIcon.d.ts'
npm warn tar TAR_ENTRY_ERROR ENOENT: no such file or directory, open 'C:\Users\dell\Documents\fashionstore\fashionstore\node_modules\@heroicons\react\24\outline\esm\CogIcon.d.ts'
npm warn tar TAR_ENTRY_ERROR ENOENT: no such file or directory, open 'C:\Users\dell\Documents\fashionstore\fashionstore\node_modules\@heroicons\react\24\outline\esm\CommandLineIcon.d.ts'
npm warn tar TAR_ENTRY_ERROR ENOENT: no such file or directory, open 'C:\Users\dell\Documents\fashionstore\fashionstore\node_modules\@heroicons\react\24\outline\esm\ComputerDesktopIcon.d.ts'
npm warn tar TAR_ENTRY_ERROR ENOENT: no such file or directory, open 'C:\Users\dell\Documents\fashionstore\fashionstore\node_modules\@heroicons\react\24\outline\esm\CpuChipIcon.d.ts'
npm warn tar TAR_ENTRY_ERROR ENOENT: no such file or directory, open 'C:\Users\dell\Documents\fashionstore\fashionstore\node_modules\@heroicons\react\24\outline\esm\CreditCardIcon.d.ts'
npm warn tar TAR_ENTRY_ERROR ENOENT: no such file or directory, open 'C:\Users\dell\Documents\fashionstore\fashionstore\node_modules\@heroicons\react\24\outline\esm\CubeIcon.d.ts'
npm warn tar TAR_ENTRY_ERROR ENOENT: no such file or directory, open 'C:\Users\dell\Documents\fashionstore\fashionstore\node_modules\@heroicons\react\24\outline\esm\CubeTransparentIcon.d.ts'
npm warn tar TAR_ENTRY_ERROR ENOENT: no such file or directory, open 'C:\Users\dell\Documents\fashionstore\fashionstore\node_modules\@heroicons\react\24\outline\esm\CurrencyBangladeshiIcon.d.ts'
npm warn tar TAR_ENTRY_ERROR ENOENT: no such file or directory, open 'C:\Users\dell\Documents\fashionstore\fashionstore\node_modules\@heroicons\react\24\outline\esm\CurrencyDollarIcon.d.ts'
npm warn tar TAR_ENTRY_ERROR ENOENT: no such file or directory, open 'C:\Users\dell\Documents\fashionstore\fashionstore\node_modules\@heroicons\react\24\outline\esm\CurrencyEuroIcon.d.ts'
npm warn tar TAR_ENTRY_ERROR ENOENT: no such file or directory, open 'C:\Users\dell\Documents\fashionstore\fashionstore\node_modules\@heroicons\react\24\outline\esm\CurrencyPoundIcon.d.ts'
npm warn tar TAR_ENTRY_ERROR ENOENT: no such file or directory, open 'C:\Users\dell\Documents\fashionstore\fashionstore\node_modules\@heroicons\react\24\outline\esm\CurrencyRupeeIcon.d.ts'
npm warn tar TAR_ENTRY_ERROR ENOENT: no such file or directory, open 'C:\Users\dell\Documents\fashionstore\fashionstore\node_modules\@heroicons\react\24\outline\esm\CurrencyYenIcon.d.ts'
npm warn tar TAR_ENTRY_ERROR ENOENT: no such file or directory, open 'C:\Users\dell\Documents\fashionstore\fashionstore\node_modules\@heroicons\react\24\outline\esm\CursorArrowRaysIcon.d.ts'
npm warn tar TAR_ENTRY_ERROR ENOENT: no such file or directory, open 'C:\Users\dell\Documents\fashionstore\fashionstore\node_modules\@heroicons\react\24\outline\esm\CursorArrowRippleIcon.d.ts'
npm warn tar TAR_ENTRY_ERROR ENOENT: no such file or directory, open 'C:\Users\dell\Documents\fashionstore\fashionstore\node_modules\@heroicons\react\24\outline\esm\DevicePhoneMobileIcon.d.ts'
npm warn tar TAR_ENTRY_ERROR ENOENT: no such file or directory, open 'C:\Users\dell\Documents\fashionstore\fashionstore\node_modules\@heroicons\react\24\outline\esm\DeviceTabletIcon.d.ts'
npm warn tar TAR_ENTRY_ERROR ENOENT: no such file or directory, open 'C:\Users\dell\Documents\fashionstore\fashionstore\node_modules\@heroicons\react\24\outline\esm\DivideIcon.d.ts'
npm warn tar TAR_ENTRY_ERROR ENOENT: no such file or directory, open 'C:\Users\dell\Documents\fashionstore\fashionstore\node_modules\@heroicons\react\24\outline\esm\DocumentArrowDownIcon.d.ts'
npm warn tar TAR_ENTRY_ERROR ENOENT: no such file or directory, open 'C:\Users\dell\Documents\fashionstore\fashionstore\node_modules\@heroicons\react\24\outline\esm\DocumentArrowUpIcon.d.ts'
npm warn tar TAR_ENTRY_ERROR ENOENT: no such file or directory, open 'C:\Users\dell\Documents\fashionstore\fashionstore\node_modules\@heroicons\react\24\outline\esm\DocumentChartBarIcon.d.ts'
npm warn tar TAR_ENTRY_ERROR ENOENT: no such file or directory, open 'C:\Users\dell\Documents\fashionstore\fashionstore\node_modules\@heroicons\react\24\outline\esm\DocumentCheckIcon.d.ts'
npm warn tar TAR_ENTRY_ERROR ENOENT: no such file or directory, open 'C:\Users\dell\Documents\fashionstore\fashionstore\node_modules\@heroicons\react\24\outline\esm\DocumentCurrencyBangladeshiIcon.d.ts'
npm warn tar TAR_ENTRY_ERROR ENOENT: no such file or directory, open 'C:\Users\dell\Documents\fashionstore\fashionstore\node_modules\@heroicons\react\24\outline\esm\DocumentCurrencyDollarIcon.d.ts'
npm warn tar TAR_ENTRY_ERROR ENOENT: no such file or directory, open 'C:\Users\dell\Documents\fashionstore\fashionstore\node_modules\@heroicons\react\24\outline\esm\DocumentCurrencyEuroIcon.d.ts'
npm warn tar TAR_ENTRY_ERROR ENOENT: no such file or directory, open 'C:\Users\dell\Documents\fashionstore\fashionstore\node_modules\@heroicons\react\24\outline\esm\DocumentCurrencyPoundIcon.d.ts'
npm warn tar TAR_ENTRY_ERROR ENOENT: no such file or directory, open 'C:\Users\dell\Documents\fashionstore\fashionstore\node_modules\@heroicons\react\24\outline\esm\DocumentCurrencyRupeeIcon.d.ts'
npm warn tar TAR_ENTRY_ERROR ENOENT: no such file or directory, open 'C:\Users\dell\Documents\fashionstore\fashionstore\node_modules\@heroicons\react\24\outline\esm\DocumentCurrencyYenIcon.d.ts'
npm warn tar TAR_ENTRY_ERROR ENOENT: no such file or directory, open 'C:\Users\dell\Documents\fashionstore\fashionstore\node_modules\@heroicons\react\24\outline\esm\DocumentDuplicateIcon.d.ts'
npm warn tar TAR_ENTRY_ERROR ENOENT: no such file or directory, open 'C:\Users\dell\Documents\fashionstore\fashionstore\node_modules\@heroicons\react\24\outline\esm\DocumentIcon.d.ts'
npm warn tar TAR_ENTRY_ERROR ENOENT: no such file or directory, open 'C:\Users\dell\Documents\fashionstore\fashionstore\node_modules\@heroicons\react\24\outline\esm\DocumentMagnifyingGlassIcon.d.ts'
npm warn tar TAR_ENTRY_ERROR ENOENT: no such file or directory, open 'C:\Users\dell\Documents\fashionstore\fashionstore\node_modules\@heroicons\react\24\outline\esm\DocumentMinusIcon.d.ts'
npm warn tar TAR_ENTRY_ERROR ENOENT: no such file or directory, open 'C:\Users\dell\Documents\fashionstore\fashionstore\node_modules\@heroicons\react\24\outline\esm\DocumentPlusIcon.d.ts'
npm warn tar TAR_ENTRY_ERROR ENOENT: no such file or directory, open 'C:\Users\dell\Documents\fashionstore\fashionstore\node_modules\@heroicons\react\24\outline\esm\DocumentTextIcon.d.ts'
npm warn tar TAR_ENTRY_ERROR ENOENT: no such file or directory, open 'C:\Users\dell\Documents\fashionstore\fashionstore\node_modules\@heroicons\react\24\outline\esm\EllipsisHorizontalCircleIcon.d.ts'
npm warn tar TAR_ENTRY_ERROR ENOENT: no such file or directory, open 'C:\Users\dell\Documents\fashionstore\fashionstore\node_modules\@heroicons\react\24\outline\esm\EllipsisHorizontalIcon.d.ts'
npm warn tar TAR_ENTRY_ERROR ENOENT: no such file or directory, open 'C:\Users\dell\Documents\fashionstore\fashionstore\node_modules\@heroicons\react\24\outline\esm\EllipsisVerticalIcon.d.ts'
npm warn tar TAR_ENTRY_ERROR ENOENT: no such file or directory, open 'C:\Users\dell\Documents\fashionstore\fashionstore\node_modules\@heroicons\react\24\outline\esm\EnvelopeIcon.d.ts'
npm warn tar TAR_ENTRY_ERROR ENOENT: no such file or directory, open 'C:\Users\dell\Documents\fashionstore\fashionstore\node_modules\@heroicons\react\24\outline\esm\EnvelopeOpenIcon.d.ts'
npm warn tar TAR_ENTRY_ERROR ENOENT: no such file or directory, open 'C:\Users\dell\Documents\fashionstore\fashionstore\node_modules\@heroicons\react\24\outline\esm\EqualsIcon.d.ts'
npm warn tar TAR_ENTRY_ERROR ENOENT: no such file or directory, open 'C:\Users\dell\Documents\fashionstore\fashionstore\node_modules\@heroicons\react\24\outline\esm\ExclamationCircleIcon.d.ts'
npm warn tar TAR_ENTRY_ERROR ENOENT: no such file or directory, open 'C:\Users\dell\Documents\fashionstore\fashionstore\node_modules\@heroicons\react\24\outline\esm\ExclamationTriangleIcon.d.ts'
npm warn tar TAR_ENTRY_ERROR ENOENT: no such file or directory, open 'C:\Users\dell\Documents\fashionstore\fashionstore\node_modules\@heroicons\react\24\outline\esm\EyeDropperIcon.d.ts'
npm warn tar TAR_ENTRY_ERROR ENOENT: no such file or directory, open 'C:\Users\dell\Documents\fashionstore\fashionstore\node_modules\@heroicons\react\24\outline\esm\EyeIcon.d.ts'
npm warn tar TAR_ENTRY_ERROR ENOENT: no such file or directory, open 'C:\Users\dell\Documents\fashionstore\fashionstore\node_modules\@heroicons\react\24\outline\esm\EyeSlashIcon.d.ts'
npm warn tar TAR_ENTRY_ERROR ENOENT: no such file or directory, open 'C:\Users\dell\Documents\fashionstore\fashionstore\node_modules\@heroicons\react\24\outline\esm\FaceFrownIcon.d.ts'
npm warn tar TAR_ENTRY_ERROR ENOENT: no such file or directory, open 'C:\Users\dell\Documents\fashionstore\fashionstore\node_modules\@heroicons\react\24\outline\esm\FaceSmileIcon.d.ts'
npm warn tar TAR_ENTRY_ERROR ENOENT: no such file or directory, open 'C:\Users\dell\Documents\fashionstore\fashionstore\node_modules\@heroicons\react\24\outline\esm\FilmIcon.d.ts'
npm warn tar TAR_ENTRY_ERROR ENOENT: no such file or directory, open 'C:\Users\dell\Documents\fashionstore\fashionstore\node_modules\@heroicons\react\24\outline\esm\FingerPrintIcon.d.ts'
npm warn tar TAR_ENTRY_ERROR ENOENT: no such file or directory, open 'C:\Users\dell\Documents\fashionstore\fashionstore\node_modules\@heroicons\react\24\outline\esm\FireIcon.d.ts'
npm warn tar TAR_ENTRY_ERROR ENOENT: no such file or directory, open 'C:\Users\dell\Documents\fashionstore\fashionstore\node_modules\@heroicons\react\24\outline\esm\FlagIcon.d.ts'
npm warn tar TAR_ENTRY_ERROR ENOENT: no such file or directory, open 'C:\Users\dell\Documents\fashionstore\fashionstore\node_modules\@heroicons\react\24\outline\esm\FolderArrowDownIcon.d.ts'
npm warn tar TAR_ENTRY_ERROR ENOENT: no such file or directory, open 'C:\Users\dell\Documents\fashionstore\fashionstore\node_modules\@heroicons\react\24\outline\esm\FolderIcon.d.ts'
npm warn tar TAR_ENTRY_ERROR ENOENT: no such file or directory, open 'C:\Users\dell\Documents\fashionstore\fashionstore\node_modules\@heroicons\react\24\outline\esm\FolderMinusIcon.d.ts'
npm warn tar TAR_ENTRY_ERROR ENOENT: no such file or directory, open 'C:\Users\dell\Documents\fashionstore\fashionstore\node_modules\@heroicons\react\24\outline\esm\FolderOpenIcon.d.ts'
npm warn tar TAR_ENTRY_ERROR ENOENT: no such file or directory, open 'C:\Users\dell\Documents\fashionstore\fashionstore\node_modules\@heroicons\react\24\outline\esm\FolderPlusIcon.d.ts'
npm warn tar TAR_ENTRY_ERROR ENOENT: no such file or directory, open 'C:\Users\dell\Documents\fashionstore\fashionstore\node_modules\@heroicons\react\24\outline\esm\ForwardIcon.d.ts'
npm warn tar TAR_ENTRY_ERROR ENOENT: no such file or directory, open 'C:\Users\dell\Documents\fashionstore\fashionstore\node_modules\@heroicons\react\24\outline\esm\FunnelIcon.d.ts'
npm warn tar TAR_ENTRY_ERROR ENOENT: no such file or directory, open 'C:\Users\dell\Documents\fashionstore\fashionstore\node_modules\@heroicons\react\24\outline\esm\GifIcon.d.ts'
npm warn tar TAR_ENTRY_ERROR ENOENT: no such file or directory, open 'C:\Users\dell\Documents\fashionstore\fashionstore\node_modules\@heroicons\react\24\outline\esm\GiftIcon.d.ts'
npm warn tar TAR_ENTRY_ERROR ENOENT: no such file or directory, open 'C:\Users\dell\Documents\fashionstore\fashionstore\node_modules\@heroicons\react\24\outline\esm\GiftTopIcon.d.ts'
npm warn tar TAR_ENTRY_ERROR ENOENT: no such file or directory, open 'C:\Users\dell\Documents\fashionstore\fashionstore\node_modules\@heroicons\react\24\outline\esm\GlobeAltIcon.d.ts'
npm warn tar TAR_ENTRY_ERROR ENOENT: no such file or directory, open 'C:\Users\dell\Documents\fashionstore\fashionstore\node_modules\@heroicons\react\24\outline\esm\GlobeAmericasIcon.d.ts'
npm warn tar TAR_ENTRY_ERROR ENOENT: no such file or directory, open 'C:\Users\dell\Documents\fashionstore\fashionstore\node_modules\@heroicons\react\24\outline\esm\GlobeAsiaAustraliaIcon.d.ts'
npm warn tar TAR_ENTRY_ERROR ENOENT: no such file or directory, open 'C:\Users\dell\Documents\fashionstore\fashionstore\node_modules\@heroicons\react\24\outline\esm\GlobeEuropeAfricaIcon.d.ts'
npm warn tar TAR_ENTRY_ERROR ENOENT: no such file or directory, open 'C:\Users\dell\Documents\fashionstore\fashionstore\node_modules\@heroicons\react\24\outline\esm\H1Icon.d.ts'
npm warn tar TAR_ENTRY_ERROR ENOENT: no such file or directory, open 'C:\Users\dell\Documents\fashionstore\fashionstore\node_modules\@heroicons\react\24\outline\esm\H2Icon.d.ts'
npm warn tar TAR_ENTRY_ERROR ENOENT: no such file or directory, open 'C:\Users\dell\Documents\fashionstore\fashionstore\node_modules\@heroicons\react\24\outline\esm\H3Icon.d.ts'
npm warn tar TAR_ENTRY_ERROR ENOENT: no such file or directory, open 'C:\Users\dell\Documents\fashionstore\fashionstore\node_modules\@heroicons\react\24\outline\esm\HandRaisedIcon.d.ts'
npm warn tar TAR_ENTRY_ERROR ENOENT: no such file or directory, open 'C:\Users\dell\Documents\fashionstore\fashionstore\node_modules\@heroicons\react\24\outline\esm\HandThumbDownIcon.d.ts'
npm warn tar TAR_ENTRY_ERROR ENOENT: no such file or directory, open 'C:\Users\dell\Documents\fashionstore\fashionstore\node_modules\@heroicons\react\24\outline\esm\HandThumbUpIcon.d.ts'
npm warn tar TAR_ENTRY_ERROR ENOENT: no such file or directory, open 'C:\Users\dell\Documents\fashionstore\fashionstore\node_modules\@heroicons\react\24\outline\esm\HashtagIcon.d.ts'
npm warn tar TAR_ENTRY_ERROR ENOENT: no such file or directory, open 'C:\Users\dell\Documents\fashionstore\fashionstore\node_modules\@heroicons\react\24\outline\esm\HeartIcon.d.ts'
npm warn tar TAR_ENTRY_ERROR ENOENT: no such file or directory, open 'C:\Users\dell\Documents\fashionstore\fashionstore\node_modules\@heroicons\react\24\outline\esm\HomeIcon.d.ts'
npm warn tar TAR_ENTRY_ERROR ENOENT: no such file or directory, open 'C:\Users\dell\Documents\fashionstore\fashionstore\node_modules\@heroicons\react\24\outline\esm\HomeModernIcon.d.ts'
npm warn tar TAR_ENTRY_ERROR ENOENT: no such file or directory, open 'C:\Users\dell\Documents\fashionstore\fashionstore\node_modules\@heroicons\react\24\outline\esm\IdentificationIcon.d.ts'
npm warn tar TAR_ENTRY_ERROR ENOENT: no such file or directory, open 'C:\Users\dell\Documents\fashionstore\fashionstore\node_modules\@heroicons\react\24\outline\esm\InboxArrowDownIcon.d.ts'
npm warn tar TAR_ENTRY_ERROR ENOENT: no such file or directory, open 'C:\Users\dell\Documents\fashionstore\fashionstore\node_modules\@heroicons\react\24\outline\esm\InboxIcon.d.ts'
npm warn tar TAR_ENTRY_ERROR ENOENT: no such file or directory, open 'C:\Users\dell\Documents\fashionstore\fashionstore\node_modules\@heroicons\react\24\outline\esm\InboxStackIcon.d.ts'
npm warn tar TAR_ENTRY_ERROR ENOENT: no such file or directory, open 'C:\Users\dell\Documents\fashionstore\fashionstore\node_modules\@heroicons\react\24\outline\esm\index.d.ts'
npm warn tar TAR_ENTRY_ERROR ENOENT: no such file or directory, open 'C:\Users\dell\Documents\fashionstore\fashionstore\node_modules\@heroicons\react\24\outline\esm\InformationCircleIcon.d.ts'
npm warn tar TAR_ENTRY_ERROR ENOENT: no such file or directory, open 'C:\Users\dell\Documents\fashionstore\fashionstore\node_modules\@heroicons\react\24\outline\esm\ItalicIcon.d.ts'
npm warn tar TAR_ENTRY_ERROR ENOENT: no such file or directory, open 'C:\Users\dell\Documents\fashionstore\fashionstore\node_modules\@heroicons\react\24\outline\esm\KeyIcon.d.ts'
npm warn tar TAR_ENTRY_ERROR ENOENT: no such file or directory, open 'C:\Users\dell\Documents\fashionstore\fashionstore\node_modules\@heroicons\react\24\outline\esm\LanguageIcon.d.ts'
npm warn tar TAR_ENTRY_ERROR ENOENT: no such file or directory, open 'C:\Users\dell\Documents\fashionstore\fashionstore\node_modules\@heroicons\react\24\outline\esm\LifebuoyIcon.d.ts'
npm warn tar TAR_ENTRY_ERROR ENOENT: no such file or directory, open 'C:\Users\dell\Documents\fashionstore\fashionstore\node_modules\@heroicons\react\24\outline\esm\LightBulbIcon.d.ts'
npm warn tar TAR_ENTRY_ERROR ENOENT: no such file or directory, open 'C:\Users\dell\Documents\fashionstore\fashionstore\node_modules\@heroicons\react\24\outline\esm\LinkIcon.d.ts'
npm warn tar TAR_ENTRY_ERROR ENOENT: no such file or directory, open 'C:\Users\dell\Documents\fashionstore\fashionstore\node_modules\@heroicons\react\24\outline\esm\LinkSlashIcon.d.ts'
npm warn tar TAR_ENTRY_ERROR ENOENT: no such file or directory, open 'C:\Users\dell\Documents\fashionstore\fashionstore\node_modules\@heroicons\react\24\outline\esm\ListBulletIcon.d.ts'
npm warn tar TAR_ENTRY_ERROR ENOENT: no such file or directory, open 'C:\Users\dell\Documents\fashionstore\fashionstore\node_modules\@heroicons\react\24\outline\esm\LockClosedIcon.d.ts'
npm warn tar TAR_ENTRY_ERROR ENOENT: no such file or directory, open 'C:\Users\dell\Documents\fashionstore\fashionstore\node_modules\@heroicons\react\24\outline\esm\LockOpenIcon.d.ts'
npm warn tar TAR_ENTRY_ERROR ENOENT: no such file or directory, open 'C:\Users\dell\Documents\fashionstore\fashionstore\node_modules\@heroicons\react\24\outline\esm\MagnifyingGlassCircleIcon.d.ts'
npm warn tar TAR_ENTRY_ERROR ENOENT: no such file or directory, open 'C:\Users\dell\Documents\fashionstore\fashionstore\node_modules\@heroicons\react\24\outline\esm\MagnifyingGlassIcon.d.ts'
npm warn tar TAR_ENTRY_ERROR ENOENT: no such file or directory, open 'C:\Users\dell\Documents\fashionstore\fashionstore\node_modules\@heroicons\react\24\outline\esm\MagnifyingGlassMinusIcon.d.ts'
npm warn tar TAR_ENTRY_ERROR ENOENT: no such file or directory, open 'C:\Users\dell\Documents\fashionstore\fashionstore\node_modules\@heroicons\react\24\outline\esm\MagnifyingGlassPlusIcon.d.ts'
npm warn tar TAR_ENTRY_ERROR ENOENT: no such file or directory, open 'C:\Users\dell\Documents\fashionstore\fashionstore\node_modules\@heroicons\react\24\outline\esm\MapIcon.d.ts'
npm warn tar TAR_ENTRY_ERROR ENOENT: no such file or directory, open 'C:\Users\dell\Documents\fashionstore\fashionstore\node_modules\@heroicons\react\24\outline\esm\MapPinIcon.d.ts'
npm warn tar TAR_ENTRY_ERROR ENOENT: no such file or directory, open 'C:\Users\dell\Documents\fashionstore\fashionstore\node_modules\@heroicons\react\24\outline\esm\MegaphoneIcon.d.ts'
npm warn tar TAR_ENTRY_ERROR ENOENT: no such file or directory, open 'C:\Users\dell\Documents\fashionstore\fashionstore\node_modules\@heroicons\react\24\outline\esm\MicrophoneIcon.d.ts'
npm warn tar TAR_ENTRY_ERROR ENOENT: no such file or directory, open 'C:\Users\dell\Documents\fashionstore\fashionstore\node_modules\@heroicons\react\24\outline\esm\MinusCircleIcon.d.ts'
npm warn tar TAR_ENTRY_ERROR ENOENT: no such file or directory, open 'C:\Users\dell\Documents\fashionstore\fashionstore\node_modules\@heroicons\react\24\outline\esm\MinusIcon.d.ts'
npm warn tar TAR_ENTRY_ERROR ENOENT: no such file or directory, open 'C:\Users\dell\Documents\fashionstore\fashionstore\node_modules\@heroicons\react\24\outline\esm\MinusSmallIcon.d.ts'
npm warn tar TAR_ENTRY_ERROR ENOENT: no such file or directory, open 'C:\Users\dell\Documents\fashionstore\fashionstore\node_modules\@heroicons\react\24\outline\esm\MoonIcon.d.ts'
npm warn tar TAR_ENTRY_ERROR ENOENT: no such file or directory, open 'C:\Users\dell\Documents\fashionstore\fashionstore\node_modules\@heroicons\react\24\outline\esm\MusicalNoteIcon.d.ts'
npm warn tar TAR_ENTRY_ERROR ENOENT: no such file or directory, open 'C:\Users\dell\Documents\fashionstore\fashionstore\node_modules\@heroicons\react\24\outline\esm\NewspaperIcon.d.ts'
npm warn tar TAR_ENTRY_ERROR ENOENT: no such file or directory, open 'C:\Users\dell\Documents\fashionstore\fashionstore\node_modules\@heroicons\react\24\outline\esm\NoSymbolIcon.d.ts'
npm warn tar TAR_ENTRY_ERROR ENOENT: no such file or directory, open 'C:\Users\dell\Documents\fashionstore\fashionstore\node_modules\@heroicons\react\24\outline\esm\NumberedListIcon.d.ts'
npm warn tar TAR_ENTRY_ERROR ENOENT: no such file or directory, open 'C:\Users\dell\Documents\fashionstore\fashionstore\node_modules\@heroicons\react\24\outline\esm\PaintBrushIcon.d.ts'
npm warn tar TAR_ENTRY_ERROR ENOENT: no such file or directory, open 'C:\Users\dell\Documents\fashionstore\fashionstore\node_modules\@heroicons\react\24\outline\esm\PaperAirplaneIcon.d.ts'
npm warn tar TAR_ENTRY_ERROR ENOENT: no such file or directory, open 'C:\Users\dell\Documents\fashionstore\fashionstore\node_modules\@heroicons\react\24\outline\esm\PaperClipIcon.d.ts'
npm warn tar TAR_ENTRY_ERROR ENOENT: no such file or directory, open 'C:\Users\dell\Documents\fashionstore\fashionstore\node_modules\@heroicons\react\24\outline\esm\PauseCircleIcon.d.ts'
npm warn tar TAR_ENTRY_ERROR ENOENT: no such file or directory, open 'C:\Users\dell\Documents\fashionstore\fashionstore\node_modules\@heroicons\react\24\outline\esm\PauseIcon.d.ts'
npm warn tar TAR_ENTRY_ERROR ENOENT: no such file or directory, open 'C:\Users\dell\Documents\fashionstore\fashionstore\node_modules\@heroicons\react\24\outline\esm\PencilIcon.d.ts'
npm warn tar TAR_ENTRY_ERROR ENOENT: no such file or directory, open 'C:\Users\dell\Documents\fashionstore\fashionstore\node_modules\@heroicons\react\24\outline\esm\PencilSquareIcon.d.ts'
npm warn tar TAR_ENTRY_ERROR ENOENT: no such file or directory, open 'C:\Users\dell\Documents\fashionstore\fashionstore\node_modules\@heroicons\react\24\outline\esm\PercentBadgeIcon.d.ts'
npm warn tar TAR_ENTRY_ERROR ENOENT: no such file or directory, open 'C:\Users\dell\Documents\fashionstore\fashionstore\node_modules\@heroicons\react\24\outline\esm\PhoneArrowDownLeftIcon.d.ts'
npm warn tar TAR_ENTRY_ERROR ENOENT: no such file or directory, open 'C:\Users\dell\Documents\fashionstore\fashionstore\node_modules\@heroicons\react\24\outline\esm\PhoneArrowUpRightIcon.d.ts'
npm warn tar TAR_ENTRY_ERROR ENOENT: no such file or directory, open 'C:\Users\dell\Documents\fashionstore\fashionstore\node_modules\@heroicons\react\24\outline\esm\PhoneIcon.d.ts'
npm warn tar TAR_ENTRY_ERROR ENOENT: no such file or directory, open 'C:\Users\dell\Documents\fashionstore\fashionstore\node_modules\@heroicons\react\24\outline\esm\PhoneXMarkIcon.d.ts'
npm warn tar TAR_ENTRY_ERROR ENOENT: no such file or directory, open 'C:\Users\dell\Documents\fashionstore\fashionstore\node_modules\@heroicons\react\24\outline\esm\PhotoIcon.d.ts'
npm warn tar TAR_ENTRY_ERROR ENOENT: no such file or directory, open 'C:\Users\dell\Documents\fashionstore\fashionstore\node_modules\@heroicons\react\24\outline\esm\PlayCircleIcon.d.ts'
npm warn tar TAR_ENTRY_ERROR ENOENT: no such file or directory, open 'C:\Users\dell\Documents\fashionstore\fashionstore\node_modules\@heroicons\react\24\outline\esm\PlayIcon.d.ts'
npm warn tar TAR_ENTRY_ERROR ENOENT: no such file or directory, open 'C:\Users\dell\Documents\fashionstore\fashionstore\node_modules\@heroicons\react\24\outline\esm\PlayPauseIcon.d.ts'
npm warn tar TAR_ENTRY_ERROR ENOENT: no such file or directory, open 'C:\Users\dell\Documents\fashionstore\fashionstore\node_modules\@heroicons\react\24\outline\esm\PlusCircleIcon.d.ts'
npm warn tar TAR_ENTRY_ERROR ENOENT: no such file or directory, open 'C:\Users\dell\Documents\fashionstore\fashionstore\node_modules\@heroicons\react\24\outline\esm\PlusIcon.d.ts'
npm warn tar TAR_ENTRY_ERROR ENOENT: no such file or directory, open 'C:\Users\dell\Documents\fashionstore\fashionstore\node_modules\@heroicons\react\24\outline\esm\PlusSmallIcon.d.ts'
npm warn tar TAR_ENTRY_ERROR ENOENT: no such file or directory, open 'C:\Users\dell\Documents\fashionstore\fashionstore\node_modules\@heroicons\react\24\outline\esm\PowerIcon.d.ts'
npm warn tar TAR_ENTRY_ERROR ENOENT: no such file or directory, open 'C:\Users\dell\Documents\fashionstore\fashionstore\node_modules\@heroicons\react\24\outline\esm\PresentationChartBarIcon.d.ts'
npm warn tar TAR_ENTRY_ERROR ENOENT: no such file or directory, open 'C:\Users\dell\Documents\fashionstore\fashionstore\node_modules\@heroicons\react\24\outline\esm\PresentationChartLineIcon.d.ts'
npm warn tar TAR_ENTRY_ERROR ENOENT: no such file or directory, open 'C:\Users\dell\Documents\fashionstore\fashionstore\node_modules\@heroicons\react\24\outline\esm\PrinterIcon.d.ts'
npm warn tar TAR_ENTRY_ERROR ENOENT: no such file or directory, open 'C:\Users\dell\Documents\fashionstore\fashionstore\node_modules\@heroicons\react\24\outline\esm\PuzzlePieceIcon.d.ts'
npm warn tar TAR_ENTRY_ERROR ENOENT: no such file or directory, open 'C:\Users\dell\Documents\fashionstore\fashionstore\node_modules\@heroicons\react\24\outline\esm\QrCodeIcon.d.ts'
npm warn tar TAR_ENTRY_ERROR ENOENT: no such file or directory, open 'C:\Users\dell\Documents\fashionstore\fashionstore\node_modules\@heroicons\react\24\outline\esm\QuestionMarkCircleIcon.d.ts'
npm warn tar TAR_ENTRY_ERROR ENOENT: no such file or directory, open 'C:\Users\dell\Documents\fashionstore\fashionstore\node_modules\@heroicons\react\24\outline\esm\QueueListIcon.d.ts'
npm warn tar TAR_ENTRY_ERROR ENOENT: no such file or directory, open 'C:\Users\dell\Documents\fashionstore\fashionstore\node_modules\@heroicons\react\24\outline\esm\RadioIcon.d.ts'
npm warn tar TAR_ENTRY_ERROR ENOENT: no such file or directory, open 'C:\Users\dell\Documents\fashionstore\fashionstore\node_modules\@heroicons\react\24\outline\esm\ReceiptPercentIcon.d.ts'
npm warn tar TAR_ENTRY_ERROR ENOENT: no such file or directory, open 'C:\Users\dell\Documents\fashionstore\fashionstore\node_modules\@heroicons\react\24\outline\esm\ReceiptRefundIcon.d.ts'
npm warn tar TAR_ENTRY_ERROR ENOENT: no such file or directory, open 'C:\Users\dell\Documents\fashionstore\fashionstore\node_modules\@heroicons\react\24\outline\esm\RectangleGroupIcon.d.ts'
npm warn tar TAR_ENTRY_ERROR ENOENT: no such file or directory, open 'C:\Users\dell\Documents\fashionstore\fashionstore\node_modules\@heroicons\react\24\outline\esm\RectangleStackIcon.d.ts'
npm warn tar TAR_ENTRY_ERROR ENOENT: no such file or directory, open 'C:\Users\dell\Documents\fashionstore\fashionstore\node_modules\@heroicons\react\24\outline\esm\RocketLaunchIcon.d.ts'
npm warn tar TAR_ENTRY_ERROR ENOENT: no such file or directory, open 'C:\Users\dell\Documents\fashionstore\fashionstore\node_modules\@heroicons\react\24\outline\esm\RssIcon.d.ts'
npm warn tar TAR_ENTRY_ERROR ENOENT: no such file or directory, open 'C:\Users\dell\Documents\fashionstore\fashionstore\node_modules\@heroicons\react\24\outline\esm\ScaleIcon.d.ts'
npm warn tar TAR_ENTRY_ERROR ENOENT: no such file or directory, open 'C:\Users\dell\Documents\fashionstore\fashionstore\node_modules\@heroicons\react\24\outline\esm\ScissorsIcon.d.ts'
npm warn tar TAR_ENTRY_ERROR ENOENT: no such file or directory, open 'C:\Users\dell\Documents\fashionstore\fashionstore\node_modules\@heroicons\react\24\outline\esm\ServerIcon.d.ts'
npm warn tar TAR_ENTRY_ERROR ENOENT: no such file or directory, open 'C:\Users\dell\Documents\fashionstore\fashionstore\node_modules\@heroicons\react\24\outline\esm\ServerStackIcon.d.ts'
npm warn tar TAR_ENTRY_ERROR ENOENT: no such file or directory, open 'C:\Users\dell\Documents\fashionstore\fashionstore\node_modules\@heroicons\react\24\outline\esm\ShareIcon.d.ts'
npm warn tar TAR_ENTRY_ERROR ENOENT: no such file or directory, open 'C:\Users\dell\Documents\fashionstore\fashionstore\node_modules\@heroicons\react\24\outline\esm\ShieldCheckIcon.d.ts'
npm warn tar TAR_ENTRY_ERROR ENOENT: no such file or directory, open 'C:\Users\dell\Documents\fashionstore\fashionstore\node_modules\@heroicons\react\24\outline\esm\ShieldExclamationIcon.d.ts'
npm warn tar TAR_ENTRY_ERROR ENOENT: no such file or directory, open 'C:\Users\dell\Documents\fashionstore\fashionstore\node_modules\@heroicons\react\24\outline\esm\ShoppingBagIcon.d.ts'
npm warn tar TAR_ENTRY_ERROR ENOENT: no such file or directory, open 'C:\Users\dell\Documents\fashionstore\fashionstore\node_modules\@heroicons\react\24\outline\esm\ShoppingCartIcon.d.ts'
npm warn tar TAR_ENTRY_ERROR ENOENT: no such file or directory, open 'C:\Users\dell\Documents\fashionstore\fashionstore\node_modules\@heroicons\react\24\outline\esm\SignalIcon.d.ts'
npm warn tar TAR_ENTRY_ERROR ENOENT: no such file or directory, open 'C:\Users\dell\Documents\fashionstore\fashionstore\node_modules\@heroicons\react\24\outline\esm\SignalSlashIcon.d.ts'
npm warn tar TAR_ENTRY_ERROR ENOENT: no such file or directory, open 'C:\Users\dell\Documents\fashionstore\fashionstore\node_modules\@heroicons\react\24\outline\esm\SlashIcon.d.ts'
npm warn tar TAR_ENTRY_ERROR ENOENT: no such file or directory, open 'C:\Users\dell\Documents\fashionstore\fashionstore\node_modules\@heroicons\react\24\outline\esm\SparklesIcon.d.ts'
npm warn tar TAR_ENTRY_ERROR ENOENT: no such file or directory, open 'C:\Users\dell\Documents\fashionstore\fashionstore\node_modules\@heroicons\react\24\outline\esm\SpeakerWaveIcon.d.ts'
npm warn tar TAR_ENTRY_ERROR ENOENT: no such file or directory, open 'C:\Users\dell\Documents\fashionstore\fashionstore\node_modules\@heroicons\react\24\outline\esm\SpeakerXMarkIcon.d.ts'
npm warn tar TAR_ENTRY_ERROR ENOENT: no such file or directory, open 'C:\Users\dell\Documents\fashionstore\fashionstore\node_modules\@heroicons\react\24\outline\esm\Square2StackIcon.d.ts'
npm warn tar TAR_ENTRY_ERROR ENOENT: no such file or directory, open 'C:\Users\dell\Documents\fashionstore\fashionstore\node_modules\@heroicons\react\24\outline\esm\Square3Stack3DIcon.d.ts'
npm warn tar TAR_ENTRY_ERROR ENOENT: no such file or directory, open 'C:\Users\dell\Documents\fashionstore\fashionstore\node_modules\@heroicons\react\24\outline\esm\Squares2X2Icon.d.ts'
npm warn tar TAR_ENTRY_ERROR ENOENT: no such file or directory, open 'C:\Users\dell\Documents\fashionstore\fashionstore\node_modules\@heroicons\react\24\outline\esm\SquaresPlusIcon.d.ts'
npm warn tar TAR_ENTRY_ERROR ENOENT: no such file or directory, open 'C:\Users\dell\Documents\fashionstore\fashionstore\node_modules\@heroicons\react\24\outline\esm\StarIcon.d.ts'
npm warn tar TAR_ENTRY_ERROR ENOENT: no such file or directory, open 'C:\Users\dell\Documents\fashionstore\fashionstore\node_modules\@heroicons\react\24\outline\esm\StopCircleIcon.d.ts'
npm warn tar TAR_ENTRY_ERROR ENOENT: no such file or directory, open 'C:\Users\dell\Documents\fashionstore\fashionstore\node_modules\@heroicons\react\24\outline\esm\StopIcon.d.ts'
npm warn tar TAR_ENTRY_ERROR ENOENT: no such file or directory, open 'C:\Users\dell\Documents\fashionstore\fashionstore\node_modules\@heroicons\react\24\outline\esm\StrikethroughIcon.d.ts'
npm warn tar TAR_ENTRY_ERROR ENOENT: no such file or directory, open 'C:\Users\dell\Documents\fashionstore\fashionstore\node_modules\@heroicons\react\24\outline\esm\SunIcon.d.ts'
npm warn tar TAR_ENTRY_ERROR ENOENT: no such file or directory, open 'C:\Users\dell\Documents\fashionstore\fashionstore\node_modules\@heroicons\react\24\outline\esm\SwatchIcon.d.ts'
npm warn tar TAR_ENTRY_ERROR ENOENT: no such file or directory, open 'C:\Users\dell\Documents\fashionstore\fashionstore\node_modules\@heroicons\react\24\outline\esm\TableCellsIcon.d.ts'
npm warn tar TAR_ENTRY_ERROR ENOENT: no such file or directory, open 'C:\Users\dell\Documents\fashionstore\fashionstore\node_modules\@heroicons\react\24\outline\esm\TagIcon.d.ts'
npm warn tar TAR_ENTRY_ERROR ENOENT: no such file or directory, open 'C:\Users\dell\Documents\fashionstore\fashionstore\node_modules\@heroicons\react\24\outline\esm\TicketIcon.d.ts'
npm warn tar TAR_ENTRY_ERROR ENOENT: no such file or directory, open 'C:\Users\dell\Documents\fashionstore\fashionstore\node_modules\@heroicons\react\24\outline\esm\TrashIcon.d.ts'
npm warn tar TAR_ENTRY_ERROR ENOENT: no such file or directory, open 'C:\Users\dell\Documents\fashionstore\fashionstore\node_modules\@heroicons\react\24\outline\esm\TrophyIcon.d.ts'
npm warn tar TAR_ENTRY_ERROR ENOENT: no such file or directory, open 'C:\Users\dell\Documents\fashionstore\fashionstore\node_modules\@heroicons\react\24\outline\esm\TruckIcon.d.ts'
npm warn tar TAR_ENTRY_ERROR ENOENT: no such file or directory, open 'C:\Users\dell\Documents\fashionstore\fashionstore\node_modules\@heroicons\react\24\outline\esm\TvIcon.d.ts'
npm warn tar TAR_ENTRY_ERROR ENOENT: no such file or directory, open 'C:\Users\dell\Documents\fashionstore\fashionstore\node_modules\@heroicons\react\24\outline\esm\UnderlineIcon.d.ts'
npm warn tar TAR_ENTRY_ERROR ENOENT: no such file or directory, open 'C:\Users\dell\Documents\fashionstore\fashionstore\node_modules\@heroicons\react\24\outline\esm\UserCircleIcon.d.ts'
npm warn tar TAR_ENTRY_ERROR ENOENT: no such file or directory, open 'C:\Users\dell\Documents\fashionstore\fashionstore\node_modules\@heroicons\react\24\outline\esm\UserGroupIcon.d.ts'
npm warn tar TAR_ENTRY_ERROR ENOENT: no such file or directory, open 'C:\Users\dell\Documents\fashionstore\fashionstore\node_modules\@heroicons\react\24\outline\esm\UserIcon.d.ts'
npm warn tar TAR_ENTRY_ERROR ENOENT: no such file or directory, open 'C:\Users\dell\Documents\fashionstore\fashionstore\node_modules\@heroicons\react\24\outline\esm\UserMinusIcon.d.ts'
npm warn tar TAR_ENTRY_ERROR ENOENT: no such file or directory, open 'C:\Users\dell\Documents\fashionstore\fashionstore\node_modules\@heroicons\react\24\outline\esm\UserPlusIcon.d.ts'
npm warn tar TAR_ENTRY_ERROR ENOENT: no such file or directory, open 'C:\Users\dell\Documents\fashionstore\fashionstore\node_modules\@heroicons\react\24\outline\esm\UsersIcon.d.ts'
npm warn tar TAR_ENTRY_ERROR ENOENT: no such file or directory, open 'C:\Users\dell\Documents\fashionstore\fashionstore\node_modules\@heroicons\react\24\outline\esm\VariableIcon.d.ts'
npm warn tar TAR_ENTRY_ERROR ENOENT: no such file or directory, open 'C:\Users\dell\Documents\fashionstore\fashionstore\node_modules\@heroicons\react\24\outline\esm\VideoCameraIcon.d.ts'
npm warn tar TAR_ENTRY_ERROR ENOENT: no such file or directory, open 'C:\Users\dell\Documents\fashionstore\fashionstore\node_modules\@heroicons\react\24\outline\esm\VideoCameraSlashIcon.d.ts'
npm warn tar TAR_ENTRY_ERROR ENOENT: no such file or directory, open 'C:\Users\dell\Documents\fashionstore\fashionstore\node_modules\@heroicons\react\24\outline\esm\ViewColumnsIcon.d.ts'
npm warn tar TAR_ENTRY_ERROR ENOENT: no such file or directory, open 'C:\Users\dell\Documents\fashionstore\fashionstore\node_modules\@heroicons\react\24\outline\esm\ViewfinderCircleIcon.d.ts'
npm warn tar TAR_ENTRY_ERROR ENOENT: no such file or directory, open 'C:\Users\dell\Documents\fashionstore\fashionstore\node_modules\@heroicons\react\24\outline\esm\WalletIcon.d.ts'
npm warn tar TAR_ENTRY_ERROR ENOENT: no such file or directory, open 'C:\Users\dell\Documents\fashionstore\fashionstore\node_modules\@heroicons\react\24\outline\esm\WifiIcon.d.ts'
npm warn tar TAR_ENTRY_ERROR ENOENT: no such file or directory, open 'C:\Users\dell\Documents\fashionstore\fashionstore\node_modules\@heroicons\react\24\outline\esm\WindowIcon.d.ts'
npm warn tar TAR_ENTRY_ERROR ENOENT: no such file or directory, open 'C:\Users\dell\Documents\fashionstore\fashionstore\node_modules\@heroicons\react\24\outline\esm\WrenchIcon.d.ts'
npm warn tar TAR_ENTRY_ERROR ENOENT: no such file or directory, open 'C:\Users\dell\Documents\fashionstore\fashionstore\node_modules\@heroicons\react\24\outline\esm\WrenchScrewdriverIcon.d.ts'
npm warn tar TAR_ENTRY_ERROR ENOENT: no such file or directory, open 'C:\Users\dell\Documents\fashionstore\fashionstore\node_modules\@heroicons\react\24\outline\esm\XCircleIcon.d.ts'
npm warn tar TAR_ENTRY_ERROR ENOENT: no such file or directory, open 'C:\Users\dell\Documents\fashionstore\fashionstore\node_modules\@heroicons\react\24\outline\esm\XMarkIcon.d.ts'
npm warn cleanup Failed to remove some directories [
npm warn cleanup   [
npm warn cleanup     '\\\\?\\C:\\Users\\dell\\Documents\\fashionstore\\fashionstore\\node_modules\\@next',
npm warn cleanup     [Error: EPERM: operation not permitted, unlink 'C:\Users\dell\Documents\fashionstore\fashionstore\node_modules\@next\swc-win32-x64-msvc\next-swc.win32-x64-msvc.node'] {
npm warn cleanup       errno: -4048,
npm warn cleanup       code: 'EPERM',
npm warn cleanup       syscall: 'unlink',
npm warn cleanup       path: 'C:\\Users\\dell\\Documents\\fashionstore\\fashionstore\\node_modules\\@next\\swc-win32-x64-msvc\\next-swc.win32-x64-msvc.node'
npm warn cleanup     }
npm warn cleanup   ],
npm warn cleanup   [
npm warn cleanup     '\\\\?\\C:\\Users\\dell\\Documents\\fashionstore\\fashionstore\\node_modules\\@img\\sharp-win32-x64',
npm warn cleanup     [Error: EPERM: operation not permitted, unlink 'C:\Users\dell\Documents\fashionstore\fashionstore\node_modules\@img\sharp-win32-x64\lib\libvips-42.dll'] {
npm warn cleanup       errno: -4048,
npm warn cleanup       code: 'EPERM',
npm warn cleanup       syscall: 'unlink',
npm warn cleanup       path: 'C:\\Users\\dell\\Documents\\fashionstore\\fashionstore\\node_modules\\@img\\sharp-win32-x64\\lib\\libvips-42.dll'
npm warn cleanup     }
npm warn cleanup   ],
npm warn cleanup   [
npm warn cleanup     '\\\\?\\C:\\Users\\dell\\Documents\\fashionstore\\fashionstore\\node_modules\\@img',
npm warn cleanup     [Error: EPERM: operation not permitted, unlink 'C:\Users\dell\Documents\fashionstore\fashionstore\node_modules\@img\sharp-win32-x64\lib\libvips-42.dll'] {
npm warn cleanup       errno: -4048,
npm warn cleanup       code: 'EPERM',
npm warn cleanup       syscall: 'unlink',
npm warn cleanup       path: 'C:\\Users\\dell\\Documents\\fashionstore\\fashionstore\\node_modules\\@img\\sharp-win32-x64\\lib\\libvips-42.dll'
npm warn cleanup     }
npm warn cleanup   ],
npm warn cleanup   [
npm warn cleanup     '\\\\?\\C:\\Users\\dell\\Documents\\fashionstore\\fashionstore\\node_modules\\@heroicons',
npm warn cleanup     [Error: ENOTEMPTY: directory not empty, rmdir 'C:\Users\dell\Documents\fashionstore\fashionstore\node_modules\@heroicons\react\24\outline'] {
npm warn cleanup       errno: -4051,
npm warn cleanup       code: 'ENOTEMPTY',
npm warn cleanup       syscall: 'rmdir',
npm warn cleanup       path: 'C:\\Users\\dell\\Documents\\fashionstore\\fashionstore\\node_modules\\@heroicons\\react\\24\\outline'
npm warn cleanup     }
npm warn cleanup   ]
npm warn cleanup ]
npm error code ECONNRESET
npm error syscall read
npm error errno -4077
npm error network read ECONNRESET
npm error network This is a problem related to network connectivity.
npm error network In most cases you are behind a proxy or have bad network settings.
npm error network
npm error network If you are behind a proxy, please make sure that the
npm error network 'proxy' config is set properly.  See: 'npm help config'
npm error A complete log of this run can be found in: C:\Users\dell\AppData\Local\npm-cache\_logs\2025-10-08T21_38_47_486Z-debug-0.log
